2024-07-10 23:51:06 Loading main app package /opt/Obsidian/resources/obsidian.asar
2024-07-10 23:51:06 Checking for update using Github
2024-07-10 23:51:07 Success.
2024-07-10 23:51:07 Latest version is 1.6.5
2024-07-10 23:51:07 App is up to date.
2024-07-10 23:51:52 Checking for update using Github
2024-07-10 23:51:52 Success.
2024-07-10 23:51:52 Latest version is 1.6.5
2024-07-10 23:51:52 App is up to date.
2024-07-10 23:52:07 Loading main app package /opt/Obsidian/resources/obsidian.asar
2024-07-10 23:52:08 Checking for update using Github
2024-07-10 23:52:08 Success.
2024-07-10 23:52:08 Latest version is 1.6.5
2024-07-10 23:52:08 App is up to date.
2024-07-11 00:52:08 Checking for update using Github
2024-07-11 00:52:08 Success.
2024-07-11 00:52:08 Latest version is 1.6.5
2024-07-11 00:52:08 App is up to date.
2024-07-11 01:52:08 Checking for update using Github
2024-07-11 01:52:08 Success.
2024-07-11 01:52:08 Latest version is 1.6.5
2024-07-11 01:52:08 App is up to date.
2024-07-11 10:56:20 Checking for update using Github
2024-07-11 10:56:20 Success.
2024-07-11 10:56:20 Latest version is 1.6.5
2024-07-11 10:56:20 App is up to date.
2024-07-11 12:28:48 Checking for update using Github
2024-07-11 12:28:48 Success.
2024-07-11 12:28:48 Latest version is 1.6.5
2024-07-11 12:28:48 App is up to date.
2024-07-11 13:28:48 Checking for update using Github
2024-07-11 13:28:48 Success.
2024-07-11 13:28:48 Latest version is 1.6.5
2024-07-11 13:28:48 App is up to date.
2024-07-11 18:09:27 Loading main app package /opt/Obsidian/resources/obsidian.asar
2024-07-11 18:09:27 Checking for update using Github
2024-07-11 18:09:27 Success.
2024-07-11 18:09:27 Latest version is 1.6.5
2024-07-11 18:09:27 App is up to date.
2024-07-11 19:09:27 Checking for update using Github
2024-07-11 19:09:27 Success.
2024-07-11 19:09:27 Latest version is 1.6.5
2024-07-11 19:09:27 App is up to date.
2024-07-11 20:09:27 Checking for update using Github
2024-07-11 20:09:27 Success.
2024-07-11 20:09:27 Latest version is 1.6.5
2024-07-11 20:09:27 App is up to date.
2024-07-12 11:50:10 Loading main app package /opt/Obsidian/resources/obsidian.asar
2024-07-12 11:50:10 Checking for update using Github
2024-07-12 11:50:11 Success.
2024-07-12 11:50:11 Latest version is 1.6.5
2024-07-12 11:50:11 App is up to date.
2024-07-12 11:59:57 Loading main app package /opt/Obsidian/resources/obsidian.asar
2024-07-12 11:59:57 Checking for update using Github
2024-07-12 11:59:57 Success.
2024-07-12 11:59:57 Latest version is 1.6.5
2024-07-12 11:59:57 App is up to date.
2024-07-12 12:59:57 Checking for update using Github
2024-07-12 12:59:57 Success.
2024-07-12 12:59:57 Latest version is 1.6.5
2024-07-12 12:59:57 App is up to date.
2024-07-12 13:59:57 Checking for update using Github
2024-07-12 13:59:58 Success.
2024-07-12 13:59:58 Latest version is 1.6.5
2024-07-12 13:59:58 App is up to date.
2024-07-12 14:59:57 Checking for update using Github
2024-07-12 14:59:57 Success.
2024-07-12 14:59:57 Latest version is 1.6.5
2024-07-12 14:59:57 App is up to date.
2024-07-12 17:33:41 Checking for update using Github
2024-07-12 17:33:41 Success.
2024-07-12 17:33:41 Latest version is 1.6.5
2024-07-12 17:33:41 App is up to date.
2024-07-12 18:33:41 Checking for update using Github
2024-07-12 18:33:42 Success.
2024-07-12 18:33:42 Latest version is 1.6.5
2024-07-12 18:33:42 App is up to date.
2024-07-12 19:33:42 Checking for update using Github
2024-07-12 19:33:42 Success.
2024-07-12 19:33:42 Latest version is 1.6.5
2024-07-12 19:33:42 App is up to date.
2024-07-12 20:33:42 Checking for update using Github
2024-07-12 20:33:42 Success.
2024-07-12 20:33:42 Latest version is 1.6.5
2024-07-12 20:33:42 App is up to date.
2024-07-12 21:33:42 Checking for update using Github
2024-07-12 21:33:42 Success.
2024-07-12 21:33:42 Latest version is 1.6.5
2024-07-12 21:33:42 App is up to date.
2024-07-12 22:33:42 Checking for update using Github
2024-07-12 22:33:42 Success.
2024-07-12 22:33:42 Latest version is 1.6.5
2024-07-12 22:33:42 App is up to date.
2024-07-12 23:33:42 Checking for update using Github
2024-07-12 23:33:42 Success.
2024-07-12 23:33:42 Latest version is 1.6.5
2024-07-12 23:33:42 App is up to date.
2024-07-13 00:33:42 Checking for update using Github
2024-07-13 00:33:42 Success.
2024-07-13 00:33:42 Latest version is 1.6.5
2024-07-13 00:33:42 App is up to date.
2024-07-13 01:33:42 Checking for update using Github
2024-07-13 01:33:42 Success.
2024-07-13 01:33:42 Latest version is 1.6.5
2024-07-13 01:33:42 App is up to date.
2024-07-13 02:33:42 Checking for update using Github
2024-07-13 02:33:42 Success.
2024-07-13 02:33:42 Latest version is 1.6.5
2024-07-13 02:33:42 App is up to date.
2024-07-13 03:33:42 Checking for update using Github
2024-07-13 03:33:42 Success.
2024-07-13 03:33:42 Latest version is 1.6.5
2024-07-13 03:33:42 App is up to date.
2024-07-13 13:11:54 Checking for update using Github
2024-07-13 13:11:55 Success.
2024-07-13 13:11:55 Latest version is 1.6.5
2024-07-13 13:11:55 App is up to date.
2024-07-13 14:11:55 Checking for update using Github
2024-07-13 14:11:55 Success.
2024-07-13 14:11:55 Latest version is 1.6.5
2024-07-13 14:11:55 App is up to date.
2024-07-13 15:11:55 Checking for update using Github
2024-07-13 15:11:55 Success.
2024-07-13 15:11:55 Latest version is 1.6.5
2024-07-13 15:11:55 App is up to date.
2024-07-13 16:11:55 Checking for update using Github
2024-07-13 16:11:55 Success.
2024-07-13 16:11:55 Latest version is 1.6.5
2024-07-13 16:11:55 App is up to date.
2024-07-13 17:11:55 Checking for update using Github
2024-07-13 17:11:55 Success.
2024-07-13 17:11:55 Latest version is 1.6.5
2024-07-13 17:11:55 App is up to date.
2024-07-13 18:11:55 Checking for update using Github
2024-07-13 18:11:55 Success.
2024-07-13 18:11:55 Latest version is 1.6.5
2024-07-13 18:11:55 App is up to date.
2024-07-13 19:11:55 Checking for update using Github
2024-07-13 19:11:55 Success.
2024-07-13 19:11:55 Latest version is 1.6.5
2024-07-13 19:11:55 App is up to date.
2024-07-13 20:11:55 Checking for update using Github
2024-07-13 20:11:55 Success.
2024-07-13 20:11:55 Latest version is 1.6.5
2024-07-13 20:11:55 App is up to date.
2024-07-13 21:11:55 Checking for update using Github
2024-07-13 21:11:56 Success.
2024-07-13 21:11:56 Latest version is 1.6.5
2024-07-13 21:11:56 App is up to date.
2024-07-13 22:11:55 Checking for update using Github
2024-07-13 22:11:55 Success.
2024-07-13 22:11:55 Latest version is 1.6.5
2024-07-13 22:11:55 App is up to date.
2024-07-13 23:11:55 Checking for update using Github
2024-07-13 23:11:55 Success.
2024-07-13 23:11:55 Latest version is 1.6.5
2024-07-13 23:11:55 App is up to date.
2024-07-14 00:11:55 Checking for update using Github
2024-07-14 00:11:55 Success.
2024-07-14 00:11:55 Latest version is 1.6.5
2024-07-14 00:11:55 App is up to date.
2024-07-14 01:11:55 Checking for update using Github
2024-07-14 01:11:55 Success.
2024-07-14 01:11:55 Latest version is 1.6.5
2024-07-14 01:11:55 App is up to date.
2024-07-14 02:11:55 Checking for update using Github
2024-07-14 02:11:56 Success.
2024-07-14 02:11:56 Latest version is 1.6.5
2024-07-14 02:11:56 App is up to date.
2024-07-14 16:19:43 Checking for update using Github
2024-07-14 16:19:43 Success.
2024-07-14 16:19:43 Latest version is 1.6.5
2024-07-14 16:19:43 App is up to date.
2024-07-14 17:19:43 Checking for update using Github
2024-07-14 17:19:43 Success.
2024-07-14 17:19:43 Latest version is 1.6.5
2024-07-14 17:19:43 App is up to date.
2024-07-14 18:19:43 Checking for update using Github
2024-07-14 18:19:43 Success.
2024-07-14 18:19:43 Latest version is 1.6.5
2024-07-14 18:19:43 App is up to date.
2024-07-14 19:19:43 Checking for update using Github
2024-07-14 19:19:43 Success.
2024-07-14 19:19:43 Latest version is 1.6.5
2024-07-14 19:19:43 App is up to date.
2024-07-14 20:19:43 Checking for update using Github
2024-07-14 20:19:43 Success.
2024-07-14 20:19:43 Latest version is 1.6.5
2024-07-14 20:19:43 App is up to date.
2024-07-14 21:19:43 Checking for update using Github
2024-07-14 21:19:43 Success.
2024-07-14 21:19:43 Latest version is 1.6.5
2024-07-14 21:19:43 App is up to date.
2024-07-14 22:19:43 Checking for update using Github
2024-07-14 22:19:43 Success.
2024-07-14 22:19:43 Latest version is 1.6.5
2024-07-14 22:19:43 App is up to date.
2024-07-14 23:19:43 Checking for update using Github
2024-07-14 23:19:43 Success.
2024-07-14 23:19:43 Latest version is 1.6.5
2024-07-14 23:19:43 App is up to date.
2024-07-15 00:19:43 Checking for update using Github
2024-07-15 00:19:44 Success.
2024-07-15 00:19:44 Latest version is 1.6.5
2024-07-15 00:19:44 App is up to date.
2024-07-15 01:19:44 Checking for update using Github
2024-07-15 01:19:44 Success.
2024-07-15 01:19:44 Latest version is 1.6.5
2024-07-15 01:19:44 App is up to date.
2024-07-15 02:19:44 Checking for update using Github
2024-07-15 02:19:44 Success.
2024-07-15 02:19:44 Latest version is 1.6.5
2024-07-15 02:19:44 App is up to date.
2024-07-15 10:51:30 Checking for update using Github
2024-07-15 10:51:30 Success.
2024-07-15 10:51:30 Latest version is 1.6.5
2024-07-15 10:51:30 App is up to date.
2024-07-15 12:42:22 Checking for update using Github
2024-07-15 12:42:22 Success.
2024-07-15 12:42:22 Latest version is 1.6.5
2024-07-15 12:42:22 App is up to date.
2024-07-15 13:42:22 Checking for update using Github
2024-07-15 13:42:22 Success.
2024-07-15 13:42:22 Latest version is 1.6.5
2024-07-15 13:42:22 App is up to date.
2024-07-15 14:42:22 Checking for update using Github
2024-07-15 14:42:22 Success.
2024-07-15 14:42:22 Latest version is 1.6.5
2024-07-15 14:42:22 App is up to date.
2024-07-15 15:42:22 Checking for update using Github
2024-07-15 15:42:22 Success.
2024-07-15 15:42:22 Latest version is 1.6.5
2024-07-15 15:42:22 App is up to date.
2024-07-15 16:42:22 Checking for update using Github
2024-07-15 16:42:23 Success.
2024-07-15 16:42:23 Latest version is 1.6.5
2024-07-15 16:42:23 App is up to date.
2024-07-15 17:42:22 Checking for update using Github
2024-07-15 17:42:23 Success.
2024-07-15 17:42:23 Latest version is 1.6.5
2024-07-15 17:42:23 App is up to date.
2024-07-15 18:42:22 Checking for update using Github
2024-07-15 18:42:23 Success.
2024-07-15 18:42:23 Latest version is 1.6.5
2024-07-15 18:42:23 App is up to date.
2024-07-15 19:42:22 Checking for update using Github
2024-07-15 19:42:22 Success.
2024-07-15 19:42:22 Latest version is 1.6.5
2024-07-15 19:42:22 App is up to date.
2024-07-15 23:02:11 Checking for update using Github
2024-07-15 23:02:11 Success.
2024-07-15 23:02:11 Latest version is 1.6.5
2024-07-15 23:02:11 App is up to date.
2024-07-16 00:02:11 Checking for update using Github
2024-07-16 00:02:11 Success.
2024-07-16 00:02:11 Latest version is 1.6.5
2024-07-16 00:02:11 App is up to date.
2024-07-16 01:02:11 Checking for update using Github
2024-07-16 01:02:12 Success.
2024-07-16 01:02:12 Latest version is 1.6.5
2024-07-16 01:02:12 App is up to date.
2024-07-16 01:17:36 Loading main app package /opt/Obsidian/resources/obsidian.asar
2024-07-16 01:17:36 Checking for update using Github
2024-07-16 01:17:37 Success.
2024-07-16 01:17:37 Latest version is 1.6.5
2024-07-16 01:17:37 App is up to date.
2024-07-16 02:17:36 Checking for update using Github
2024-07-16 02:17:36 Success.
2024-07-16 02:17:36 Latest version is 1.6.5
2024-07-16 02:17:36 App is up to date.
2024-07-16 13:05:49 Checking for update using Github
2024-07-16 13:05:49 Success.
2024-07-16 13:05:49 Latest version is 1.6.5
2024-07-16 13:05:49 App is up to date.
2024-07-16 14:05:51 Checking for update using Github
2024-07-16 14:05:51 Success.
2024-07-16 14:05:51 Latest version is 1.6.5
2024-07-16 14:05:51 App is up to date.
2024-07-16 15:05:51 Checking for update using Github
2024-07-16 15:05:51 Success.
2024-07-16 15:05:51 Latest version is 1.6.5
2024-07-16 15:05:51 App is up to date.
2024-07-16 16:05:51 Checking for update using Github
2024-07-16 16:05:52 Success.
2024-07-16 16:05:52 Latest version is 1.6.5
2024-07-16 16:05:52 App is up to date.
2024-07-16 17:05:51 Checking for update using Github
2024-07-16 17:05:51 Success.
2024-07-16 17:05:51 Latest version is 1.6.5
2024-07-16 17:05:51 App is up to date.
2024-07-16 18:05:51 Checking for update using Github
2024-07-16 18:05:51 Success.
2024-07-16 18:05:51 Latest version is 1.6.5
2024-07-16 18:05:51 App is up to date.
2024-07-16 19:05:51 Checking for update using Github
2024-07-16 19:05:51 Success.
2024-07-16 19:05:51 Latest version is 1.6.5
2024-07-16 19:05:51 App is up to date.
2024-07-16 20:45:39 Checking for update using Github
2024-07-16 20:45:39 Success.
2024-07-16 20:45:39 Latest version is 1.6.5
2024-07-16 20:45:39 App is up to date.
2024-07-16 21:59:59 Checking for update using Github
2024-07-16 22:00:00 Success.
2024-07-16 22:00:00 Latest version is 1.6.5
2024-07-16 22:00:00 App is up to date.
2024-07-16 23:00:00 Checking for update using Github
2024-07-16 23:00:00 Success.
2024-07-16 23:00:00 Latest version is 1.6.5
2024-07-16 23:00:00 App is up to date.
2024-07-17 00:00:00 Checking for update using Github
2024-07-17 00:00:00 Success.
2024-07-17 00:00:00 Latest version is 1.6.5
2024-07-17 00:00:00 App is up to date.
2024-07-17 01:00:00 Checking for update using Github
2024-07-17 01:00:00 Success.
2024-07-17 01:00:00 Latest version is 1.6.5
2024-07-17 01:00:00 App is up to date.
2024-07-17 02:00:00 Checking for update using Github
2024-07-17 02:00:00 Success.
2024-07-17 02:00:00 Latest version is 1.6.5
2024-07-17 02:00:00 App is up to date.
2024-07-17 12:27:56 Loading main app package /opt/Obsidian/resources/obsidian.asar
2024-07-17 12:27:56 Checking for update using Github
2024-07-17 12:27:57 Success.
2024-07-17 12:27:57 Latest version is 1.6.5
2024-07-17 12:27:57 App is up to date.
2024-07-17 13:27:56 Checking for update using Github
2024-07-17 13:27:56 Success.
2024-07-17 13:27:56 Latest version is 1.6.5
2024-07-17 13:27:56 App is up to date.
2024-07-17 14:27:56 Checking for update using Github
2024-07-17 14:27:56 Success.
2024-07-17 14:27:56 Latest version is 1.6.5
2024-07-17 14:27:56 App is up to date.
2024-07-17 15:27:56 Checking for update using Github
2024-07-17 15:27:57 Success.
2024-07-17 15:27:57 Latest version is 1.6.5
2024-07-17 15:27:57 App is up to date.
2024-07-17 16:27:57 Checking for update using Github
2024-07-17 16:27:57 Success.
2024-07-17 16:27:57 Latest version is 1.6.5
2024-07-17 16:27:57 App is up to date.
2024-07-17 17:27:57 Checking for update using Github
2024-07-17 17:27:57 Success.
2024-07-17 17:27:57 Latest version is 1.6.5
2024-07-17 17:27:57 App is up to date.
2024-07-17 18:27:57 Checking for update using Github
2024-07-17 18:27:57 Success.
2024-07-17 18:27:57 Latest version is 1.6.5
2024-07-17 18:27:57 App is up to date.
2024-07-17 20:19:04 Checking for update using Github
2024-07-17 20:19:04 Success.
2024-07-17 20:19:04 Latest version is 1.6.5
2024-07-17 20:19:04 App is up to date.
2024-07-17 21:19:04 Checking for update using Github
2024-07-17 21:19:04 Success.
2024-07-17 21:19:04 Latest version is 1.6.5
2024-07-17 21:19:04 App is up to date.
2024-07-17 22:19:04 Checking for update using Github
2024-07-17 22:19:04 Success.
2024-07-17 22:19:04 Latest version is 1.6.5
2024-07-17 22:19:04 App is up to date.
2024-07-17 23:19:04 Checking for update using Github
2024-07-17 23:19:05 Success.
2024-07-17 23:19:05 Latest version is 1.6.5
2024-07-17 23:19:05 App is up to date.
2024-07-18 00:19:05 Checking for update using Github
2024-07-18 00:19:05 Success.
2024-07-18 00:19:05 Latest version is 1.6.5
2024-07-18 00:19:05 App is up to date.
2024-07-18 12:37:08 Loading main app package /opt/Obsidian/resources/obsidian.asar
2024-07-18 12:37:08 Checking for update using Github
2024-07-18 12:37:09 Success.
2024-07-18 12:37:09 Latest version is 1.6.5
2024-07-18 12:37:09 App is up to date.
2024-07-18 13:37:08 Checking for update using Github
2024-07-18 13:37:08 Success.
2024-07-18 13:37:08 Latest version is 1.6.5
2024-07-18 13:37:08 App is up to date.
2024-07-18 14:37:08 Checking for update using Github
2024-07-18 14:37:08 Success.
2024-07-18 14:37:08 Latest version is 1.6.5
2024-07-18 14:37:08 App is up to date.
2024-07-18 15:37:08 Checking for update using Github
2024-07-18 15:37:09 Success.
2024-07-18 15:37:09 Latest version is 1.6.7
2024-07-18 15:37:09 Downloading update from https://github.com/obsidianmd/obsidian-releases/releases/download/v1.6.7/obsidian-1.6.7.asar.gz
2024-07-18 15:37:10 Verifying hash & signature. Size= 7993245
2024-07-18 15:37:10 Saving file
2024-07-18 15:37:10 Update complete.
2024-07-18 16:37:08 Checking for update using Github
2024-07-18 16:37:09 Success.
2024-07-18 16:37:09 Latest version is 1.6.7
2024-07-18 16:37:09 An update is already downloaded.
2024-07-18 17:37:09 Checking for update using Github
2024-07-18 17:37:09 Success.
2024-07-18 17:37:09 Latest version is 1.6.7
2024-07-18 17:37:09 An update is already downloaded.
2024-07-18 18:37:09 Checking for update using Github
2024-07-18 18:37:09 Success.
2024-07-18 18:37:09 Latest version is 1.6.7
2024-07-18 18:37:09 An update is already downloaded.
2024-07-18 19:37:09 Checking for update using Github
2024-07-18 19:37:09 Success.
2024-07-18 19:37:09 Latest version is 1.6.7
2024-07-18 19:37:09 An update is already downloaded.
2024-07-18 20:49:03 Loading updated app package /home/ironforge/.config/obsidian/obsidian-1.6.7.asar
2024-07-18 20:49:04 Checking for update using Github
2024-07-18 20:49:04 Success.
2024-07-18 20:49:04 Latest version is 1.6.7
2024-07-18 20:49:04 App is up to date.
2024-07-18 21:49:04 Checking for update using Github
2024-07-18 21:49:05 Success.
2024-07-18 21:49:05 Latest version is 1.6.7
2024-07-18 21:49:05 App is up to date.
2024-07-19 20:12:03 Checking for update using Github
2024-07-19 20:12:03 Success.
2024-07-19 20:12:03 Latest version is 1.6.7
2024-07-19 20:12:03 App is up to date.
2024-07-19 21:12:05 Checking for update using Github
2024-07-19 21:12:05 Success.
2024-07-19 21:12:05 Latest version is 1.6.7
2024-07-19 21:12:05 App is up to date.
2024-07-19 22:12:05 Checking for update using Github
2024-07-19 22:12:05 Success.
2024-07-19 22:12:05 Latest version is 1.6.7
2024-07-19 22:12:05 App is up to date.
2024-07-19 23:12:05 Checking for update using Github
2024-07-19 23:12:05 Success.
2024-07-19 23:12:05 Latest version is 1.6.7
2024-07-19 23:12:05 App is up to date.
2024-07-20 00:12:05 Checking for update using Github
2024-07-20 00:12:06 Success.
2024-07-20 00:12:06 Latest version is 1.6.7
2024-07-20 00:12:06 App is up to date.
2024-07-20 01:12:05 Checking for update using Github
2024-07-20 01:12:06 Success.
2024-07-20 01:12:06 Latest version is 1.6.7
2024-07-20 01:12:06 App is up to date.
2024-07-20 02:12:05 Checking for update using Github
2024-07-20 02:12:05 Success.
2024-07-20 02:12:05 Latest version is 1.6.7
2024-07-20 02:12:05 App is up to date.
2024-07-20 15:46:34 Checking for update using Github
2024-07-20 15:46:34 Success.
2024-07-20 15:46:34 Latest version is 1.6.7
2024-07-20 15:46:34 App is up to date.
2024-07-20 16:46:35 Checking for update using Github
2024-07-20 16:46:35 Success.
2024-07-20 16:46:35 Latest version is 1.6.7
2024-07-20 16:46:35 App is up to date.
2024-07-20 17:46:35 Checking for update using Github
2024-07-20 17:46:35 Success.
2024-07-20 17:46:35 Latest version is 1.6.7
2024-07-20 17:46:35 App is up to date.
2024-07-20 18:46:35 Checking for update using Github
2024-07-20 18:46:36 Success.
2024-07-20 18:46:36 Latest version is 1.6.7
2024-07-20 18:46:36 App is up to date.
2024-07-20 19:46:36 Checking for update using Github
2024-07-20 19:46:36 Success.
2024-07-20 19:46:36 Latest version is 1.6.7
2024-07-20 19:46:36 App is up to date.
2024-07-20 20:46:36 Checking for update using Github
2024-07-20 20:46:36 Success.
2024-07-20 20:46:36 Latest version is 1.6.7
2024-07-20 20:46:36 App is up to date.
2024-07-20 21:46:36 Checking for update using Github
2024-07-20 21:46:36 Success.
2024-07-20 21:46:36 Latest version is 1.6.7
2024-07-20 21:46:36 App is up to date.
2024-07-20 22:46:36 Checking for update using Github
2024-07-20 22:46:36 Success.
2024-07-20 22:46:36 Latest version is 1.6.7
2024-07-20 22:46:36 App is up to date.
2024-07-20 23:46:36 Checking for update using Github
2024-07-20 23:46:36 Success.
2024-07-20 23:46:36 Latest version is 1.6.7
2024-07-20 23:46:36 App is up to date.
2024-07-21 00:46:36 Checking for update using Github
2024-07-21 00:46:36 Success.
2024-07-21 00:46:36 Latest version is 1.6.7
2024-07-21 00:46:36 App is up to date.
2024-07-21 01:46:36 Checking for update using Github
2024-07-21 01:46:36 Success.
2024-07-21 01:46:36 Latest version is 1.6.7
2024-07-21 01:46:36 App is up to date.
2024-07-21 02:46:36 Checking for update using Github
2024-07-21 02:46:36 Success.
2024-07-21 02:46:36 Latest version is 1.6.7
2024-07-21 02:46:36 App is up to date.
2024-07-21 12:54:34 Checking for update using Github
2024-07-21 12:54:34 Success.
2024-07-21 12:54:34 Latest version is 1.6.7
2024-07-21 12:54:34 App is up to date.
2024-07-21 13:54:35 Checking for update using Github
2024-07-21 13:54:35 Success.
2024-07-21 13:54:35 Latest version is 1.6.7
2024-07-21 13:54:35 App is up to date.
2024-07-21 14:54:35 Checking for update using Github
2024-07-21 14:54:35 Success.
2024-07-21 14:54:35 Latest version is 1.6.7
2024-07-21 14:54:35 App is up to date.
2024-07-21 15:54:35 Checking for update using Github
2024-07-21 15:54:35 Success.
2024-07-21 15:54:35 Latest version is 1.6.7
2024-07-21 15:54:35 App is up to date.
2024-07-21 16:54:35 Checking for update using Github
2024-07-21 16:54:35 Success.
2024-07-21 16:54:35 Latest version is 1.6.7
2024-07-21 16:54:35 App is up to date.
2024-07-21 17:54:35 Checking for update using Github
2024-07-21 17:54:35 Success.
2024-07-21 17:54:35 Latest version is 1.6.7
2024-07-21 17:54:35 App is up to date.
2024-07-21 18:54:35 Checking for update using Github
2024-07-21 18:54:36 Success.
2024-07-21 18:54:36 Latest version is 1.6.7
2024-07-21 18:54:36 App is up to date.
2024-07-21 23:30:41 Loading updated app package /home/ironforge/.config/obsidian/obsidian-1.6.7.asar
2024-07-21 23:30:42 Checking for update using Github
2024-07-21 23:30:42 Success.
2024-07-21 23:30:42 Latest version is 1.6.7
2024-07-21 23:30:42 App is up to date.
